<?xml version="1.0" encoding="UTF-8"?>
<testsuite xmlns:xsi="http://www.w3.org/2001/XMLSchema-instance" xsi:noNamespaceSchemaLocation="https://maven.apache.org/surefire/maven-surefire-plugin/xsd/surefire-test-report-3.0.xsd" version="3.0" name="com.weather.WeatherInfoApplicationTests" time="4.758" tests="1" errors="0" skipped="0" failures="0">
  <properties>
[...]
</properties>
  <testcase name="contextLoads" classname="com.weather.WeatherInfoApplicationTests" time="0.013">
    <system-out><![CDATA[11:17:57.526 [main] INFO org.springframework.test.context.support.AnnotationConfigContextLoaderUtils -- Could not detect default configuration classes for test class [com.weather.WeatherInfoApplicationTests]: WeatherInfoApplicationTests does not declare any static, non-private, non-final, nested classes annotated with @Configuration.
11:17:57.648 [main] INFO org.springframework.boot.test.context.SpringBootTestContextBootstrapper -- Found @SpringBootConfiguration com.weather.WeatherInfoApplication for test class com.weather.WeatherInfoApplicationTests
11:17:57.827 [main] INFO org.springframework.boot.devtools.restart.RestartApplicationListener -- Restart disabled due to context in which it is running

  .   ____          _            __ _ _
 /\\ / ___'_ __ _ _(_)_ __  __ _ \ \ \ \
( ( )\___ | '_ | '_| | '_ \/ _` | \ \ \ \
 \\/  ___)| |_)| | | | | || (_| |  ) ) ) )
  '  |____| .__|_| |_|_| |_\__, | / / / /
 =========|_|==============|___/=/_/_/_/
 :: Spring Boot ::               (v3.2.10)

2024-10-23T11:17:58.141+05:30  WARN 5880 --- [weather_info] [           main] ory$DuplicateJsonObjectContextCustomizer : 

Found multiple occurrences of org.json.JSONObject on the class path:

	jar:file:/C:/Users/91891/.m2/repository/org/json/json/20230227/json-20230227.jar!/org/json/JSONObject.class
	jar:file:/C:/Users/91891/.m2/repository/com/vaadin/external/google/android-json/0.0.20131108.vaadin1/android-json-0.0.20131108.vaadin1.jar!/org/json/JSONObject.class

You may wish to exclude one of them to ensure predictable runtime behavior

2024-10-23T11:17:58.177+05:30  INFO 5880 --- [weather_info] [           main] c.weather.WeatherInfoApplicationTests    : Starting WeatherInfoApplicationTests using Java 21.0.4 with PID 5880 (started by 91891 in C:\Users\91891\Documents\workspace-spring-tool-suite-4-4.25.0.RELEASE\weather_info)
2024-10-23T11:17:58.178+05:30  INFO 5880 --- [weather_info] [           main] c.weather.WeatherInfoApplicationTests    : The following 1 profile is active: "dev"
2024-10-23T11:17:58.903+05:30  INFO 5880 --- [weather_info] [           main] .s.d.r.c.RepositoryConfigurationDelegate : Bootstrapping Spring Data JPA repositories in DEFAULT mode.
2024-10-23T11:17:58.995+05:30  INFO 5880 --- [weather_info] [           main] .s.d.r.c.RepositoryConfigurationDelegate : Finished Spring Data repository scanning in 77 ms. Found 2 JPA repository interfaces.
2024-10-23T11:17:59.558+05:30  INFO 5880 --- [weather_info] [           main] o.hibernate.jpa.internal.util.LogHelper  : HHH000204: Processing PersistenceUnitInfo [name: default]
2024-10-23T11:17:59.672+05:30  INFO 5880 --- [weather_info] [           main] org.hibernate.Version                    : HHH000412: Hibernate ORM core version 6.4.10.Final
2024-10-23T11:17:59.723+05:30  INFO 5880 --- [weather_info] [           main] o.h.c.internal.RegionFactoryInitiator    : HHH000026: Second-level cache disabled
2024-10-23T11:17:59.834+05:30  INFO 5880 --- [weather_info] [           main] o.s.o.j.p.SpringPersistenceUnitInfo      : No LoadTimeWeaver setup: ignoring JPA class transformer
2024-10-23T11:17:59.862+05:30  INFO 5880 --- [weather_info] [           main] com.zaxxer.hikari.HikariDataSource       : HikariPool-1 - Starting...
2024-10-23T11:18:00.268+05:30  INFO 5880 --- [weather_info] [           main] com.zaxxer.hikari.pool.HikariPool        : HikariPool-1 - Added connection com.mysql.cj.jdbc.ConnectionImpl@6eff05e7
2024-10-23T11:18:00.270+05:30  INFO 5880 --- [weather_info] [           main] com.zaxxer.hikari.HikariDataSource       : HikariPool-1 - Start completed.
2024-10-23T11:18:00.335+05:30  WARN 5880 --- [weather_info] [           main] org.hibernate.orm.deprecation            : HHH90000025: MySQL8Dialect does not need to be specified explicitly using 'hibernate.dialect' (remove the property setting and it will be selected by default)
2024-10-23T11:18:00.338+05:30  WARN 5880 --- [weather_info] [           main] org.hibernate.orm.deprecation            : HHH90000026: MySQL8Dialect has been deprecated; use org.hibernate.dialect.MySQLDialect instead
2024-10-23T11:18:01.146+05:30  INFO 5880 --- [weather_info] [           main] o.h.e.t.j.p.i.JtaPlatformInitiator       : HHH000489: No JTA platform available (set 'hibernate.transaction.jta.platform' to enable JTA platform integration)
2024-10-23T11:18:01.214+05:30  INFO 5880 --- [weather_info] [           main] j.LocalContainerEntityManagerFactoryBean : Initialized JPA EntityManagerFactory for persistence unit 'default'
2024-10-23T11:18:01.897+05:30  WARN 5880 --- [weather_info] [           main] JpaBaseConfiguration$JpaWebConfiguration : spring.jpa.open-in-view is enabled by default. Therefore, database queries may be performed during view rendering. Explicitly configure spring.jpa.open-in-view to disable this warning
2024-10-23T11:18:02.193+05:30  INFO 5880 --- [weather_info] [           main] c.weather.WeatherInfoApplicationTests    : Started WeatherInfoApplicationTests in 4.389 seconds (process running for 8.069)
]]></system-out>
  </testcase>
</testsuite>